
*********CallGraph Stats***************
################ (program : array_loop_rs.bc)###############
-------------------------------------------------------
TotalNode           22
TotalCycle          0
MaxNodeInCycle      0
NodeInCycle         0
TotalEdge           54
CalRetPairInCycle   0
#######################################################

*********General Stats***************
################ (program : array_loop_rs.bc)###############
BBWith2Succ         2
BBWith3Succ         0
TotalPointers       275
TotalObjects        35
TotalFieldObjects   15
MaxStructSize       10
TotalSVFStmts       178
TotalPTASVFStmts    136
FIObjNum            0
FSObjNum            34
AddrsNum            67
LoadsNum            3
StoresNum           32
CopysNum            33
GepsNum             29
CallsNum            2
ReturnsNum          0
FunctionObjs        22
GlobalObjs          4
HeapObjs            0
StackObjs           7
VarStructObj        4
VarArrayObj         3
ConstStructObj      3
ConstArrayObj       0
NonPtrObj           24
ConstantObj         0
IndCallSites        2
TotalCallSite       56
-------------------------------------------------------
LLVMIRTime          0.004
SymbolTableTime     0
SVFIRTime           0.001
#######################################################

*********Constraint Graph Stats***************
################ (program : array_loop_rs.bc)###############
-------------------------------------------------------
AvgIn/OutCopyEdge   0.537037
AvgIn/OutLoadEdge   0.0185185
AvgIn/OutAddrEdge   0.283951
AvgIn/OutEdge       0.993827
LocalVarInRecur     0
NumOfCGNode         354
TotalValidNode      162
TotalValidObjNode   46
NumOfCGEdge         115
NumOfAddrs          46
NumOfCopys          58
NumOfGeps           29
NumOfLoads          3
NumOfStores         25
MaxInCopyEdge       10
MaxOutCopyEdge      10
MaxInLoadEdge       1
MaxOutLoadEdge      1
MaxInStoreEdge      10
MaxOutStoreEdge     2
AvgIn/OutStoreEdge  0
MaxInAddrEdge       1
MaxOutAddrEdge      13
#######################################################

*********Andersen Pointer Analysis Stats***************
################ (program : array_loop_rs.bc)###############
-------------------------------------------------------
TotalTime           0
SCCDetectTime       0
SCCMergeTime        0
LoadStoreTime       0
CopyGepTime         0
UpdateCGTime        0
AvgPtsSetSize       0.299435
AvgTopLvlPtsSize    0.794872
CollapseTime        0
Pointers            272
TotalPointers       275
TotalObjects        50
IndCallSites        2
AddrProcessed       46
CopyProcessed       45
GepProcessed        24
LoadProcessed       0
StoreProcessed      25
NumOfSFRs           0
NumOfFieldExpand    0
MemObjects          35
DummyFieldPtrs      3
FieldObjs           15
MaxPtsSetSize       1
SolveIterations     2
IndEdgeSolved       0
NumOfSCCDetect      2
TotalCycleNum       0
TotalPWCCycleNum    0
NodesInCycles       0
MaxNodesInSCC       0
NullPointer         3
PointsToConstPtr    0
PointsToBlkPtr      0
#######################################################

****Persistent Points-To Cache Statistics: Andersen's analysis bitvector****
################ (program : array_loop_rs.bc)###############
UniquePointsToSets       50
TotalUnions              115
PropertyUnions           115
UniqueUnions             0
LookupUnions             0
PreemptiveUnions         0
TotalComplements         693
PropertyComplements      693
UniqueComplements        0
LookupComplements        0
PreemptiveComplements    0
TotalIntersections       25
PropertyIntersections    25
UniqueIntersections      0
LookupIntersections      0
PreemptiveIntersections  0
#######################################################

*********Memory SSA Statistics***************
################ (program : array_loop_rs.bc)###############
-------------------------------------------------------
AverageRegSize      1
SSARenameTime       0
InsertPHITime       0
GenMUCHITime        0
GenRegionTime       0.001
TotalMSSATime       0.001
BBHasMSSAPhi        0
MSSAPhi             0
StoreHasChi         24
LoadHasMu           3
CSHasMu             0
CSHasChi            0
FunHasRetMu         9
FunHasEntryChi      4
StoreChiNode        24
LoadMuNode          0
CSMuNode            0
CSChiNode           0
FunRetMu            12
FunEntryChi         12
MemRegions          12
MaxRegSize          1
#######################################################

****SVFG Statistics****

************************
################ (program : array_loop_rs.bc)###############
-------------------------------------------------------
TotalTime           0
ConnDirEdgeTime     0
ConnIndEdgeTime     0
TLNodeTime          0
ATNodeTime          0
OptTime             0
AvgWeight           1
TotalNode           355
TotalEdge           263
FormalIn            12
FormalOut           12
FormalParam         13
FormalRet           6
ActualIn            0
ActualOut           0
ActualParam         117
ActualRet           18
Addr                67
Copy                33
Gep                 29
PHI                 7
DirectEdge          227
IndirectEdge        36
IndirectEdgeLabels  36
IndCallEdge         0
IndRetEdge          0
DirectCallEdge      2
DirectRetEdge       0
AvgInDegree         0
AvgOutDegree        0
MaxInDegree         3
MaxOutDegree        20
AvgIndInDeg         1
AvgIndOutDeg        1
MaxIndInDeg         1
MaxIndOutDeg        1
MSSAPhi             0
Load                3
Store               32
#######################################################
