
*********CallGraph Stats***************
################ (program : array_loop_c.bc)###############
-------------------------------------------------------
TotalNode           1
TotalCycle          0
MaxNodeInCycle      0
NodeInCycle         0
TotalEdge           0
CalRetPairInCycle   0
#######################################################

*********General Stats***************
################ (program : array_loop_c.bc)###############
BBWith2Succ         1
BBWith3Succ         0
TotalPointers       50
TotalObjects        6
TotalFieldObjects   1
MaxStructSize       5
TotalSVFStmts       37
TotalPTASVFStmts    17
FIObjNum            0
FSObjNum            5
AddrsNum            20
LoadsNum            4
StoresNum           3
CopysNum            2
GepsNum             1
CallsNum            0
ReturnsNum          0
FunctionObjs        1
GlobalObjs          1
HeapObjs            0
StackObjs           2
VarStructObj        1
VarArrayObj         2
ConstStructObj      0
ConstArrayObj       0
NonPtrObj           4
ConstantObj         0
IndCallSites        0
TotalCallSite       0
-------------------------------------------------------
LLVMIRTime          0.003
SymbolTableTime     0
SVFIRTime           0
#######################################################

*********Constraint Graph Stats***************
################ (program : array_loop_c.bc)###############
-------------------------------------------------------
AvgIn/OutCopyEdge   0.0869565
AvgIn/OutLoadEdge   0
AvgIn/OutAddrEdge   0.652174
AvgIn/OutEdge       0.73913
LocalVarInRecur     0
NumOfCGNode         60
TotalValidNode      23
TotalValidObjNode   5
NumOfCGEdge         2
NumOfAddrs          15
NumOfCopys          1
NumOfGeps           1
NumOfLoads          0
NumOfStores         0
MaxInCopyEdge       1
MaxOutCopyEdge      1
MaxInLoadEdge       0
MaxOutLoadEdge      0
MaxInStoreEdge      0
MaxOutStoreEdge     0
AvgIn/OutStoreEdge  0
MaxInAddrEdge       1
MaxOutAddrEdge      11
#######################################################

*********Andersen Pointer Analysis Stats***************
################ (program : array_loop_c.bc)###############
-------------------------------------------------------
TotalTime           0
SCCDetectTime       0
SCCMergeTime        0
LoadStoreTime       0
CopyGepTime         0
UpdateCGTime        0
AvgPtsSetSize       0.266667
AvgTopLvlPtsSize    0.941176
CollapseTime        0
Pointers            50
TotalPointers       50
TotalObjects        7
IndCallSites        0
AddrProcessed       15
CopyProcessed       0
GepProcessed        1
LoadProcessed       0
StoreProcessed      0
NumOfSFRs           0
NumOfFieldExpand    0
MemObjects          6
DummyFieldPtrs      0
FieldObjs           1
MaxPtsSetSize       1
SolveIterations     1
IndEdgeSolved       0
NumOfSCCDetect      1
TotalCycleNum       0
TotalPWCCycleNum    0
NodesInCycles       0
MaxNodesInSCC       0
NullPointer         0
PointsToConstPtr    0
PointsToBlkPtr      0
#######################################################

****Persistent Points-To Cache Statistics: Andersen's analysis bitvector****
################ (program : array_loop_c.bc)###############
UniquePointsToSets       7
TotalUnions              16
PropertyUnions           16
UniqueUnions             0
LookupUnions             0
PreemptiveUnions         0
TotalComplements         59
PropertyComplements      59
UniqueComplements        0
LookupComplements        0
PreemptiveComplements    0
TotalIntersections       0
PropertyIntersections    0
UniqueIntersections      0
LookupIntersections      0
PreemptiveIntersections  0
#######################################################

*********Memory SSA Statistics***************
################ (program : array_loop_c.bc)###############
-------------------------------------------------------
AverageRegSize      1
SSARenameTime       0
InsertPHITime       0
GenMUCHITime        0
GenRegionTime       0
TotalMSSATime       0
BBHasMSSAPhi        1
MSSAPhi             2
StoreHasChi         3
LoadHasMu           4
CSHasMu             0
CSHasChi            0
FunHasRetMu         1
FunHasEntryChi      1
StoreChiNode        3
LoadMuNode          4
CSMuNode            0
CSChiNode           0
FunRetMu            2
FunEntryChi         2
MemRegions          2
MaxRegSize          1
#######################################################

****SVFG Statistics****

************************
################ (program : array_loop_c.bc)###############
-------------------------------------------------------
TotalTime           0
ConnDirEdgeTime     0
ConnIndEdgeTime     0
TLNodeTime          0
ATNodeTime          0
OptTime             0
AvgWeight           1
TotalNode           44
TotalEdge           33
FormalIn            2
FormalOut           2
FormalParam         0
FormalRet           0
ActualIn            0
ActualOut           0
ActualParam         0
ActualRet           0
Addr                20
Copy                2
Gep                 1
PHI                 0
DirectEdge          20
IndirectEdge        13
IndirectEdgeLabels  13
IndCallEdge         0
IndRetEdge          0
DirectCallEdge      0
DirectRetEdge       0
AvgInDegree         0
AvgOutDegree        0
MaxInDegree         3
MaxOutDegree        6
AvgIndInDeg         1
AvgIndOutDeg        1
MaxIndInDeg         2
MaxIndOutDeg        6
MSSAPhi             2
Load                4
Store               3
#######################################################
