
*********CallGraph Stats***************
################ (program : array_sum_c.bc)###############
-------------------------------------------------------
TotalNode           3
TotalCycle          0
MaxNodeInCycle      0
NodeInCycle         0
TotalEdge           1
CalRetPairInCycle   0
#######################################################

*********General Stats***************
################ (program : array_sum_c.bc)###############
BBWith2Succ         1
BBWith3Succ         0
TotalPointers       84
TotalObjects        14
TotalFieldObjects   6
MaxStructSize       5
TotalSVFStmts       77
TotalPTASVFStmts    48
FIObjNum            0
FSObjNum            13
AddrsNum            31
LoadsNum            7
StoresNum           16
CopysNum            5
GepsNum             11
CallsNum            0
ReturnsNum          0
FunctionObjs        3
GlobalObjs          1
HeapObjs            0
StackObjs           8
VarStructObj        1
VarArrayObj         1
ConstStructObj      0
ConstArrayObj       1
NonPtrObj           10
ConstantObj         0
IndCallSites        0
TotalCallSite       1
-------------------------------------------------------
LLVMIRTime          0.003
SymbolTableTime     0
SVFIRTime           0
#######################################################

*********Constraint Graph Stats***************
################ (program : array_sum_c.bc)###############
-------------------------------------------------------
AvgIn/OutCopyEdge   0.366667
AvgIn/OutLoadEdge   0.0166667
AvgIn/OutAddrEdge   0.4
AvgIn/OutEdge       0.916667
LocalVarInRecur     0
NumOfCGNode         115
TotalValidNode      60
TotalValidObjNode   17
NumOfCGEdge         31
NumOfAddrs          24
NumOfCopys          11
NumOfGeps           11
NumOfLoads          1
NumOfStores         8
MaxInCopyEdge       2
MaxOutCopyEdge      5
MaxInLoadEdge       1
MaxOutLoadEdge      1
MaxInStoreEdge      2
MaxOutStoreEdge     1
AvgIn/OutStoreEdge  0
MaxInAddrEdge       1
MaxOutAddrEdge      12
#######################################################

*********Andersen Pointer Analysis Stats***************
################ (program : array_sum_c.bc)###############
-------------------------------------------------------
TotalTime           0.001
SCCDetectTime       0
SCCMergeTime        0
LoadStoreTime       0
CopyGepTime         0
UpdateCGTime        0
AvgPtsSetSize       0.356522
AvgTopLvlPtsSize    0.926829
CollapseTime        0
Pointers            82
TotalPointers       84
TotalObjects        20
IndCallSites        0
AddrProcessed       24
CopyProcessed       7
GepProcessed        11
LoadProcessed       0
StoreProcessed      7
NumOfSFRs           0
NumOfFieldExpand    0
MemObjects          14
DummyFieldPtrs      2
FieldObjs           6
MaxPtsSetSize       1
SolveIterations     2
IndEdgeSolved       0
NumOfSCCDetect      2
TotalCycleNum       0
TotalPWCCycleNum    0
NodesInCycles       0
MaxNodesInSCC       0
NullPointer         0
PointsToConstPtr    1
PointsToBlkPtr      0
#######################################################

****Persistent Points-To Cache Statistics: Andersen's analysis bitvector****
################ (program : array_sum_c.bc)###############
UniquePointsToSets       20
TotalUnions              42
PropertyUnions           42
UniqueUnions             0
LookupUnions             0
PreemptiveUnions         0
TotalComplements         224
PropertyComplements      224
UniqueComplements        0
LookupComplements        0
PreemptiveComplements    0
TotalIntersections       7
PropertyIntersections    7
UniqueIntersections      0
LookupIntersections      0
PreemptiveIntersections  0
#######################################################

*********Memory SSA Statistics***************
################ (program : array_sum_c.bc)###############
-------------------------------------------------------
AverageRegSize      1
SSARenameTime       0
InsertPHITime       0
GenMUCHITime        0
GenRegionTime       0
TotalMSSATime       0
BBHasMSSAPhi        1
MSSAPhi             2
StoreHasChi         6
LoadHasMu           7
CSHasMu             0
CSHasChi            0
FunHasRetMu         1
FunHasEntryChi      1
StoreChiNode        6
LoadMuNode          7
CSMuNode            0
CSChiNode           0
FunRetMu            5
FunEntryChi         5
MemRegions          9
MaxRegSize          1
#######################################################

****SVFG Statistics****

************************
################ (program : array_sum_c.bc)###############
-------------------------------------------------------
TotalTime           0
ConnDirEdgeTime     0
ConnIndEdgeTime     0
TLNodeTime          0
ATNodeTime          0
OptTime             0
AvgWeight           1
TotalNode           98
TotalEdge           85
FormalIn            5
FormalOut           5
FormalParam         4
FormalRet           0
ActualIn            0
ActualOut           0
ActualParam         4
ActualRet           0
Addr                31
Copy                5
Gep                 11
PHI                 0
DirectEdge          63
IndirectEdge        22
IndirectEdgeLabels  22
IndCallEdge         0
IndRetEdge          0
DirectCallEdge      0
DirectRetEdge       0
AvgInDegree         0
AvgOutDegree        0
MaxInDegree         3
MaxOutDegree        5
AvgIndInDeg         1
AvgIndOutDeg        1
MaxIndInDeg         2
MaxIndOutDeg        5
MSSAPhi             2
Load                7
Store               16
#######################################################
