
*********CallGraph Stats***************
################ (program : array_max_c.bc)###############
-------------------------------------------------------
TotalNode           1
TotalEdge           0
TotalCycle          0
MaxNodeInCycle      0
NodeInCycle         0
CalRetPairInCycle   0
#######################################################

*********General Stats***************
################ (program : array_max_c.bc)###############
BBWith2Succ         0
BBWith3Succ         0
TotalPointers       26
TotalObjects        4
TotalFieldObjects   0
MaxStructSize       5
TotalSVFStmts       15
TotalPTASVFStmts    14
FIObjNum            0
FSObjNum            3
AddrsNum            14
LoadsNum            0
StoresNum           0
CopysNum            1
GepsNum             0
CallsNum            0
ReturnsNum          0
FunctionObjs        1
GlobalObjs          1
HeapObjs            0
StackObjs           0
VarStructObj        1
VarArrayObj         1
ConstStructObj      0
ConstArrayObj       0
NonPtrObj           2
ConstantObj         0
IndCallSites        0
TotalCallSite       0
-------------------------------------------------------
LLVMIRTime          0.003
SymbolTableTime     0
SVFIRTime           0
#######################################################

*********Constraint Graph Stats***************
################ (program : array_max_c.bc)###############
-------------------------------------------------------
AvgIn/OutCopyEdge   0.0555556
AvgIn/OutLoadEdge   0
AvgIn/OutAddrEdge   0.722222
AvgIn/OutEdge       0.777778
NumOfCGNode         33
TotalValidNode      18
TotalValidObjNode   3
NumOfCGEdge         1
NumOfAddrs          13
NumOfCopys          1
NumOfGeps           0
NumOfLoads          0
NumOfStores         0
MaxInCopyEdge       1
MaxOutCopyEdge      1
MaxInLoadEdge       0
MaxOutLoadEdge      0
MaxInStoreEdge      0
MaxOutStoreEdge     0
AvgIn/OutStoreEdge  0
MaxInAddrEdge       1
MaxOutAddrEdge      11
LocalVarInRecur     0
#######################################################

*********Andersen Pointer Analysis Stats***************
################ (program : array_max_c.bc)###############
-------------------------------------------------------
TotalTime           0
SCCDetectTime       0
SCCMergeTime        0
LoadStoreTime       0
CopyGepTime         0
UpdateCGTime        0
AvgPtsSetSize       0.393939
AvgTopLvlPtsSize    0.928571
CollapseTime        0
Pointers            26
TotalPointers       26
TotalObjects        4
IndCallSites        0
AddrProcessed       13
CopyProcessed       0
GepProcessed        0
LoadProcessed       0
StoreProcessed      0
NumOfSFRs           0
NumOfFieldExpand    0
MemObjects          4
DummyFieldPtrs      0
FieldObjs           0
MaxPtsSetSize       1
SolveIterations     1
IndEdgeSolved       0
NumOfSCCDetect      1
TotalCycleNum       0
TotalPWCCycleNum    0
NodesInCycles       0
MaxNodesInSCC       0
NullPointer         0
PointsToConstPtr    0
PointsToBlkPtr      0
#######################################################

****Persistent Points-To Cache Statistics: Andersen's analysis bitvector****
################ (program : array_max_c.bc)###############
UniquePointsToSets       4
TotalUnions              13
PropertyUnions           13
UniqueUnions             0
LookupUnions             0
PreemptiveUnions         0
TotalComplements         33
PropertyComplements      33
UniqueComplements        0
LookupComplements        0
PreemptiveComplements    0
TotalIntersections       0
PropertyIntersections    0
UniqueIntersections      0
LookupIntersections      0
PreemptiveIntersections  0
#######################################################

*********Memory SSA Statistics***************
################ (program : array_max_c.bc)###############
-------------------------------------------------------
AverageRegSize      0
SSARenameTime       0
InsertPHITime       0
GenMUCHITime        0
GenRegionTime       0
TotalMSSATime       0
BBHasMSSAPhi        0
MSSAPhi             0
StoreHasChi         0
LoadHasMu           0
CSHasMu             0
CSHasChi            0
FunHasRetMu         1
FunHasEntryChi      0
StoreChiNode        0
LoadMuNode          0
CSMuNode            0
CSChiNode           0
FunRetMu            0
FunEntryChi         0
MemRegions          0
MaxRegSize          0
#######################################################

****SVFG Statistics****

************************
################ (program : array_max_c.bc)###############
-------------------------------------------------------
TotalTime           0
ConnDirEdgeTime     0
ConnIndEdgeTime     0
TLNodeTime          0
ATNodeTime          0
OptTime             0
AvgWeight           0
TotalNode           15
FormalIn            0
FormalOut           0
FormalParam         0
FormalRet           0
ActualIn            0
ActualOut           0
ActualParam         0
ActualRet           0
Addr                13
Copy                1
Gep                 0
PHI                 0
TotalEdge           1
DirectEdge          1
IndirectEdge        0
IndirectEdgeLabels  0
IndCallEdge         0
IndRetEdge          0
DirectCallEdge      0
DirectRetEdge       0
AvgInDegree         0
AvgOutDegree        0
MaxInDegree         1
MaxOutDegree        1
AvgIndInDeg         0
AvgIndOutDeg        0
MaxIndInDeg         0
MaxIndOutDeg        0
MSSAPhi             0
Load                0
Store               0
#######################################################

****SVFG Statistics****

************************
################ (program : array_max_c.bc)###############
-------------------------------------------------------
TotalTime           0
ConnDirEdgeTime     0
ConnIndEdgeTime     0
TLNodeTime          0
ATNodeTime          0
OptTime             0
AvgWeight           0
TotalNode           15
FormalIn            0
FormalOut           0
FormalParam         0
FormalRet           0
ActualIn            0
ActualOut           0
ActualParam         0
ActualRet           0
Addr                13
Copy                1
Gep                 0
PHI                 0
TotalEdge           1
DirectEdge          1
IndirectEdge        0
IndirectEdgeLabels  0
IndCallEdge         0
IndRetEdge          0
DirectCallEdge      0
DirectRetEdge       0
AvgInDegree         0
AvgOutDegree        0
MaxInDegree         1
MaxOutDegree        1
AvgIndInDeg         0
AvgIndOutDeg        0
MaxIndInDeg         0
MaxIndOutDeg        0
MSSAPhi             0
Load                0
Store               0
#######################################################
