
*********CallGraph Stats***************
################ (program : bubble_sort_rs.bc)###############
-------------------------------------------------------
TotalNode           33
TotalCycle          0
MaxNodeInCycle      0
NodeInCycle         0
TotalEdge           55
CalRetPairInCycle   0
#######################################################

*********General Stats***************
################ (program : bubble_sort_rs.bc)###############
BBWith2Succ         19
BBWith3Succ         2
TotalPointers       607
TotalObjects        76
TotalFieldObjects   42
MaxStructSize       5
TotalSVFStmts       516
TotalPTASVFStmts    261
FIObjNum            3
FSObjNum            72
AddrsNum            114
LoadsNum            33
StoresNum           68
CopysNum            90
GepsNum             69
CallsNum            30
ReturnsNum          17
FunctionObjs        33
GlobalObjs          14
HeapObjs            0
StackObjs           27
VarStructObj        14
VarArrayObj         1
ConstStructObj      13
ConstArrayObj       1
NonPtrObj           54
ConstantObj         0
IndCallSites        2
TotalCallSite       57
-------------------------------------------------------
LLVMIRTime          0.004
SymbolTableTime     0
SVFIRTime           0.001
#######################################################

*********Constraint Graph Stats***************
################ (program : bubble_sort_rs.bc)###############
-------------------------------------------------------
AvgIn/OutCopyEdge   0.503012
AvgIn/OutLoadEdge   0.0210843
AvgIn/OutAddrEdge   0.268072
AvgIn/OutEdge       0.885542
LocalVarInRecur     0
NumOfCGNode         771
TotalValidNode      332
TotalValidObjNode   98
NumOfCGEdge         205
NumOfAddrs          89
NumOfCopys          98
NumOfGeps           69
NumOfLoads          7
NumOfStores         31
MaxInCopyEdge       2
MaxOutCopyEdge      11
MaxInLoadEdge       1
MaxOutLoadEdge      1
MaxInStoreEdge      2
MaxOutStoreEdge     11
AvgIn/OutStoreEdge  0
MaxInAddrEdge       1
MaxOutAddrEdge      15
#######################################################

*********Andersen Pointer Analysis Stats***************
################ (program : bubble_sort_rs.bc)###############
-------------------------------------------------------
TotalTime           0
SCCDetectTime       0
SCCMergeTime        0
LoadStoreTime       0
CopyGepTime         0
UpdateCGTime        0
AvgPtsSetSize       0.322957
AvgTopLvlPtsSize    0.991342
CollapseTime        0
Pointers            591
TotalPointers       607
TotalObjects        118
IndCallSites        2
AddrProcessed       89
CopyProcessed       77
GepProcessed        69
LoadProcessed       4
StoreProcessed      29
NumOfSFRs           0
NumOfFieldExpand    0
MemObjects          76
DummyFieldPtrs      16
FieldObjs           42
MaxPtsSetSize       2
SolveIterations     2
IndEdgeSolved       0
NumOfSCCDetect      2
TotalCycleNum       0
TotalPWCCycleNum    0
NodesInCycles       0
MaxNodesInSCC       0
NullPointer         1
PointsToConstPtr    0
PointsToBlkPtr      0
#######################################################

****Persistent Points-To Cache Statistics: Andersen's analysis bitvector****
################ (program : bubble_sort_rs.bc)###############
UniquePointsToSets       121
TotalUnions              237
PropertyUnions           234
UniqueUnions             1
LookupUnions             0
PreemptiveUnions         2
TotalComplements         1500
PropertyComplements      1500
UniqueComplements        0
LookupComplements        0
PreemptiveComplements    0
TotalIntersections       33
PropertyIntersections    33
UniqueIntersections      0
LookupIntersections      0
PreemptiveIntersections  0
#######################################################

*********Memory SSA Statistics***************
################ (program : bubble_sort_rs.bc)###############
-------------------------------------------------------
AverageRegSize      1.12245
SSARenameTime       0
InsertPHITime       0
GenMUCHITime        0
GenRegionTime       0.001
TotalMSSATime       0.001
BBHasMSSAPhi        5
MSSAPhi             29
StoreHasChi         42
LoadHasMu           33
CSHasMu             11
CSHasChi            6
FunHasRetMu         24
FunHasEntryChi      16
StoreChiNode        42
LoadMuNode          32
CSMuNode            17
CSChiNode           6
FunRetMu            55
FunEntryChi         55
MemRegions          49
MaxRegSize          4
#######################################################

****SVFG Statistics****

************************
################ (program : bubble_sort_rs.bc)###############
-------------------------------------------------------
TotalTime           0
ConnDirEdgeTime     0
ConnIndEdgeTime     0
TLNodeTime          0
ATNodeTime          0
OptTime             0
AvgWeight           1.18644
TotalNode           835
TotalEdge           807
FormalIn            55
FormalOut           55
FormalParam         35
FormalRet           17
ActualIn            17
ActualOut           6
ActualParam         115
ActualRet           36
Addr                114
Copy                90
Gep                 69
PHI                 17
DirectEdge          571
IndirectEdge        236
IndirectEdgeLabels  280
IndCallEdge         18
IndRetEdge          6
DirectCallEdge      30
DirectRetEdge       17
AvgInDegree         0
AvgOutDegree        0
MaxInDegree         4
MaxOutDegree        96
AvgIndInDeg         1
AvgIndOutDeg        1
MaxIndInDeg         4
MaxIndOutDeg        8
MSSAPhi             29
Load                33
Store               68
#######################################################
