
*********CallGraph Stats***************
################ (program : bubble_sort_c.bc)###############
-------------------------------------------------------
TotalNode           4
TotalCycle          0
MaxNodeInCycle      0
NodeInCycle         0
TotalEdge           2
CalRetPairInCycle   0
#######################################################

*********General Stats***************
################ (program : bubble_sort_c.bc)###############
BBWith2Succ         3
BBWith3Succ         0
TotalPointers       144
TotalObjects        18
TotalFieldObjects   5
MaxStructSize       5
TotalSVFStmts       132
TotalPTASVFStmts    66
FIObjNum            1
FSObjNum            16
AddrsNum            35
LoadsNum            26
StoresNum           21
CopysNum            10
GepsNum             17
CallsNum            2
ReturnsNum          0
FunctionObjs        4
GlobalObjs          1
HeapObjs            0
StackObjs           11
VarStructObj        1
VarArrayObj         1
ConstStructObj      0
ConstArrayObj       1
NonPtrObj           13
ConstantObj         0
IndCallSites        0
TotalCallSite       2
-------------------------------------------------------
LLVMIRTime          0.003
SymbolTableTime     0
SVFIRTime           0
#######################################################

*********Constraint Graph Stats***************
################ (program : bubble_sort_c.bc)###############
-------------------------------------------------------
AvgIn/OutCopyEdge   0.444444
AvgIn/OutLoadEdge   0.0864198
AvgIn/OutAddrEdge   0.345679
AvgIn/OutEdge       0.987654
LocalVarInRecur     0
NumOfCGNode         179
TotalValidNode      81
TotalValidObjNode   21
NumOfCGEdge         52
NumOfAddrs          28
NumOfCopys          19
NumOfGeps           17
NumOfLoads          7
NumOfStores         9
MaxInCopyEdge       2
MaxOutCopyEdge      6
MaxInLoadEdge       1
MaxOutLoadEdge      6
MaxInStoreEdge      2
MaxOutStoreEdge     1
AvgIn/OutStoreEdge  0
MaxInAddrEdge       1
MaxOutAddrEdge      12
#######################################################

*********Andersen Pointer Analysis Stats***************
################ (program : bubble_sort_c.bc)###############
-------------------------------------------------------
TotalTime           0.001
SCCDetectTime       0
SCCMergeTime        0
LoadStoreTime       0
CopyGepTime         0
UpdateCGTime        0
AvgPtsSetSize       0.329609
AvgTopLvlPtsSize    0.948276
CollapseTime        0
Pointers            142
TotalPointers       144
TotalObjects        23
IndCallSites        0
AddrProcessed       28
CopyProcessed       23
GepProcessed        18
LoadProcessed       6
StoreProcessed      8
NumOfSFRs           0
NumOfFieldExpand    0
MemObjects          18
DummyFieldPtrs      2
FieldObjs           5
MaxPtsSetSize       1
SolveIterations     3
IndEdgeSolved       0
NumOfSCCDetect      3
TotalCycleNum       0
TotalPWCCycleNum    0
NodesInCycles       0
MaxNodesInSCC       0
NullPointer         0
PointsToConstPtr    1
PointsToBlkPtr      0
#######################################################

****Persistent Points-To Cache Statistics: Andersen's analysis bitvector****
################ (program : bubble_sort_c.bc)###############
UniquePointsToSets       24
TotalUnions              80
PropertyUnions           80
UniqueUnions             0
LookupUnions             0
PreemptiveUnions         0
TotalComplements         544
PropertyComplements      538
UniqueComplements        1
LookupComplements        4
PreemptiveComplements    1
TotalIntersections       17
PropertyIntersections    15
UniqueIntersections      0
LookupIntersections      0
PreemptiveIntersections  2
#######################################################

*********Memory SSA Statistics***************
################ (program : bubble_sort_c.bc)###############
-------------------------------------------------------
AverageRegSize      1
SSARenameTime       0
InsertPHITime       0
GenMUCHITime        0
GenRegionTime       0
TotalMSSATime       0
BBHasMSSAPhi        3
MSSAPhi             9
StoreHasChi         11
LoadHasMu           26
CSHasMu             1
CSHasChi            1
FunHasRetMu         2
FunHasEntryChi      2
StoreChiNode        11
LoadMuNode          26
CSMuNode            1
CSChiNode           1
FunRetMu            9
FunEntryChi         9
MemRegions          12
MaxRegSize          1
#######################################################

****SVFG Statistics****

************************
################ (program : bubble_sort_c.bc)###############
-------------------------------------------------------
TotalTime           0
ConnDirEdgeTime     0
ConnIndEdgeTime     0
TLNodeTime          0
ATNodeTime          0
OptTime             0
AvgWeight           1
TotalNode           172
TotalEdge           195
FormalIn            9
FormalOut           9
FormalParam         6
FormalRet           0
ActualIn            1
ActualOut           1
ActualParam         6
ActualRet           0
Addr                35
Copy                10
Gep                 17
PHI                 0
DirectEdge          128
IndirectEdge        67
IndirectEdgeLabels  67
IndCallEdge         1
IndRetEdge          1
DirectCallEdge      2
DirectRetEdge       0
AvgInDegree         1
AvgOutDegree        1
MaxInDegree         3
MaxOutDegree        10
AvgIndInDeg         1
AvgIndOutDeg        2
MaxIndInDeg         2
MaxIndOutDeg        10
MSSAPhi             9
Load                26
Store               21
#######################################################
