
*********CallGraph Stats***************
################ (program : calculate_average_rs.bc)###############
-------------------------------------------------------
TotalNode           31
TotalCycle          0
MaxNodeInCycle      0
NodeInCycle         0
TotalEdge           27
CalRetPairInCycle   0
#######################################################

*********General Stats***************
################ (program : calculate_average_rs.bc)###############
BBWith2Succ         8
BBWith3Succ         1
TotalPointers       460
TotalObjects        63
TotalFieldObjects   28
MaxStructSize       5
TotalSVFStmts       390
TotalPTASVFStmts    200
FIObjNum            3
FSObjNum            59
AddrsNum            96
LoadsNum            28
StoresNum           52
CopysNum            65
GepsNum             47
CallsNum            24
ReturnsNum          15
FunctionObjs        31
GlobalObjs          5
HeapObjs            0
StackObjs           25
VarStructObj        11
VarArrayObj         1
ConstStructObj      4
ConstArrayObj       1
NonPtrObj           50
ConstantObj         0
IndCallSites        2
TotalCallSite       29
-------------------------------------------------------
LLVMIRTime          0.003
SymbolTableTime     0
SVFIRTime           0.002
#######################################################

*********Constraint Graph Stats***************
################ (program : calculate_average_rs.bc)###############
-------------------------------------------------------
AvgIn/OutCopyEdge   0.46332
AvgIn/OutLoadEdge   0.027027
AvgIn/OutAddrEdge   0.289575
AvgIn/OutEdge       0.864865
LocalVarInRecur     0
NumOfCGNode         595
TotalValidNode      259
TotalValidObjNode   76
NumOfCGEdge         149
NumOfAddrs          75
NumOfCopys          73
NumOfGeps           47
NumOfLoads          7
NumOfStores         22
MaxInCopyEdge       2
MaxOutCopyEdge      6
MaxInLoadEdge       1
MaxOutLoadEdge      1
MaxInStoreEdge      2
MaxOutStoreEdge     2
AvgIn/OutStoreEdge  0
MaxInAddrEdge       1
MaxOutAddrEdge      14
#######################################################

*********Andersen Pointer Analysis Stats***************
################ (program : calculate_average_rs.bc)###############
-------------------------------------------------------
TotalTime           0.001
SCCDetectTime       0
SCCMergeTime        0
LoadStoreTime       0
CopyGepTime         0
UpdateCGTime        0
AvgPtsSetSize       0.290756
AvgTopLvlPtsSize    0.9
CollapseTime        0
Pointers            453
TotalPointers       460
TotalObjects        91
IndCallSites        2
AddrProcessed       75
CopyProcessed       52
GepProcessed        47
LoadProcessed       4
StoreProcessed      20
NumOfSFRs           0
NumOfFieldExpand    0
MemObjects          63
DummyFieldPtrs      7
FieldObjs           28
MaxPtsSetSize       1
SolveIterations     2
IndEdgeSolved       0
NumOfSCCDetect      2
TotalCycleNum       0
TotalPWCCycleNum    0
NodesInCycles       0
MaxNodesInSCC       0
NullPointer         1
PointsToConstPtr    0
PointsToBlkPtr      0
#######################################################

****Persistent Points-To Cache Statistics: Andersen's analysis bitvector****
################ (program : calculate_average_rs.bc)###############
UniquePointsToSets       91
TotalUnions              174
PropertyUnions           174
UniqueUnions             0
LookupUnions             0
PreemptiveUnions         0
TotalComplements         1162
PropertyComplements      1162
UniqueComplements        0
LookupComplements        0
PreemptiveComplements    0
TotalIntersections       24
PropertyIntersections    24
UniqueIntersections      0
LookupIntersections      0
PreemptiveIntersections  0
#######################################################

*********Memory SSA Statistics***************
################ (program : calculate_average_rs.bc)###############
-------------------------------------------------------
AverageRegSize      1.02564
SSARenameTime       0.001
InsertPHITime       0
GenMUCHITime        0
GenRegionTime       0
TotalMSSATime       0.001
BBHasMSSAPhi        3
MSSAPhi             10
StoreHasChi         35
LoadHasMu           28
CSHasMu             9
CSHasChi            4
FunHasRetMu         23
FunHasEntryChi      15
StoreChiNode        35
LoadMuNode          27
CSMuNode            13
CSChiNode           4
FunRetMu            47
FunEntryChi         47
MemRegions          39
MaxRegSize          2
#######################################################

****SVFG Statistics****

************************
################ (program : calculate_average_rs.bc)###############
-------------------------------------------------------
TotalTime           0
ConnDirEdgeTime     0
ConnIndEdgeTime     0
TLNodeTime          0
ATNodeTime          0
OptTime             0
AvgWeight           1.0125
TotalNode           590
TotalEdge           551
FormalIn            47
FormalOut           47
FormalParam         32
FormalRet           17
ActualIn            13
ActualOut           4
ActualParam         49
ActualRet           19
Addr                96
Copy                65
Gep                 47
PHI                 17
DirectEdge          391
IndirectEdge        160
IndirectEdgeLabels  162
IndCallEdge         14
IndRetEdge          4
DirectCallEdge      24
DirectRetEdge       15
AvgInDegree         0
AvgOutDegree        0
MaxInDegree         3
MaxOutDegree        69
AvgIndInDeg         1
AvgIndOutDeg        1
MaxIndInDeg         2
MaxIndOutDeg        4
MSSAPhi             10
Load                28
Store               52
#######################################################
