
*********CallGraph Stats***************
################ (program : error_rs.bc)###############
-------------------------------------------------------
TotalNode           23
TotalEdge           29
TotalCycle          0
MaxNodeInCycle      0
NodeInCycle         0
CalRetPairInCycle   0
#######################################################

*********General Stats***************
################ (program : error_rs.bc)###############
BBWith2Succ         4
BBWith3Succ         0
TotalPointers       265
TotalObjects        38
TotalFieldObjects   21
MaxStructSize       10
TotalSVFStmts       198
TotalPTASVFStmts    152
FIObjNum            0
FSObjNum            37
AddrsNum            69
LoadsNum            9
StoresNum           33
CopysNum            30
GepsNum             37
CallsNum            3
ReturnsNum          0
FunctionObjs        23
GlobalObjs          3
HeapObjs            0
StackObjs           10
VarStructObj        4
VarArrayObj         1
ConstStructObj      2
ConstArrayObj       1
NonPtrObj           26
ConstantObj         0
IndCallSites        2
TotalCallSite       31
-------------------------------------------------------
LLVMIRTime          0.007
SymbolTableTime     0
SVFIRTime           0.001
#######################################################

*********Constraint Graph Stats***************
################ (program : error_rs.bc)###############
-------------------------------------------------------
AvgIn/OutCopyEdge   0.5
AvgIn/OutLoadEdge   0.037234
AvgIn/OutAddrEdge   0.271277
AvgIn/OutEdge       0.952128
NumOfCGNode         362
TotalValidNode      188
TotalValidObjNode   54
NumOfCGEdge         128
NumOfAddrs          51
NumOfCopys          57
NumOfGeps           37
NumOfLoads          7
NumOfStores         27
MaxInCopyEdge       2
MaxOutCopyEdge      6
MaxInLoadEdge       1
MaxOutLoadEdge      1
MaxInStoreEdge      2
MaxOutStoreEdge     2
AvgIn/OutStoreEdge  0
MaxInAddrEdge       1
MaxOutAddrEdge      15
LocalVarInRecur     0
#######################################################

*********Andersen Pointer Analysis Stats***************
################ (program : error_rs.bc)###############
-------------------------------------------------------
TotalTime           0.001
SCCDetectTime       0
SCCMergeTime        0
LoadStoreTime       0
CopyGepTime         0
UpdateCGTime        0
AvgPtsSetSize       0.342541
AvgTopLvlPtsSize    0.81203
CollapseTime        0
Pointers            260
TotalPointers       265
TotalObjects        59
IndCallSites        2
AddrProcessed       51
CopyProcessed       43
GepProcessed        38
LoadProcessed       2
StoreProcessed      25
NumOfSFRs           0
NumOfFieldExpand    0
MemObjects          38
DummyFieldPtrs      5
FieldObjs           21
MaxPtsSetSize       2
SolveIterations     2
IndEdgeSolved       0
NumOfSCCDetect      2
TotalCycleNum       0
TotalPWCCycleNum    0
NodesInCycles       0
MaxNodesInSCC       0
NullPointer         7
PointsToConstPtr    1
PointsToBlkPtr      0
#######################################################

****Persistent Points-To Cache Statistics: Andersen's analysis bitvector****
################ (program : error_rs.bc)###############
UniquePointsToSets       60
TotalUnions              134
PropertyUnions           131
UniqueUnions             1
LookupUnions             0
PreemptiveUnions         2
TotalComplements         703
PropertyComplements      703
UniqueComplements        0
LookupComplements        0
PreemptiveComplements    0
TotalIntersections       27
PropertyIntersections    27
UniqueIntersections      0
LookupIntersections      0
PreemptiveIntersections  0
#######################################################

*********Memory SSA Statistics***************
################ (program : error_rs.bc)###############
-------------------------------------------------------
AverageRegSize      1
SSARenameTime       0
InsertPHITime       0
GenMUCHITime        0
GenRegionTime       0
TotalMSSATime       0
BBHasMSSAPhi        1
MSSAPhi             1
StoreHasChi         13
LoadHasMu           7
CSHasMu             1
CSHasChi            0
FunHasRetMu         10
FunHasEntryChi      4
StoreChiNode        11
LoadMuNode          3
CSMuNode            1
CSChiNode           0
FunRetMu            11
FunEntryChi         11
MemRegions          12
MaxRegSize          1
#######################################################

****SVFG Statistics****

************************
################ (program : error_rs.bc)###############
-------------------------------------------------------
TotalTime           0
ConnDirEdgeTime     0
ConnIndEdgeTime     0
TLNodeTime          0
ATNodeTime          0
OptTime             0
AvgWeight           1
TotalNode           222
FormalIn            11
FormalOut           11
FormalParam         14
FormalRet           0
ActualIn            1
ActualOut           0
ActualParam         32
ActualRet           2
Addr                51
Copy                27
Gep                 37
PHI                 0
TotalEdge           148
DirectEdge          126
IndirectEdge        22
IndirectEdgeLabels  22
IndCallEdge         1
IndRetEdge          0
DirectCallEdge      3
DirectRetEdge       0
AvgInDegree         0
AvgOutDegree        0
MaxInDegree         2
MaxOutDegree        7
AvgIndInDeg         1
AvgIndOutDeg        1
MaxIndInDeg         2
MaxIndOutDeg        4
MSSAPhi             1
Load                7
Store               27
#######################################################

****SVFG Statistics****

************************
################ (program : error_rs.bc)###############
-------------------------------------------------------
TotalTime           0
ConnDirEdgeTime     0
ConnIndEdgeTime     0
TLNodeTime          0
ATNodeTime          0
OptTime             0
AvgWeight           1
TotalNode           222
FormalIn            11
FormalOut           11
FormalParam         14
FormalRet           0
ActualIn            1
ActualOut           0
ActualParam         32
ActualRet           2
Addr                51
Copy                27
Gep                 37
PHI                 0
TotalEdge           148
DirectEdge          126
IndirectEdge        22
IndirectEdgeLabels  22
IndCallEdge         1
IndRetEdge          0
DirectCallEdge      3
DirectRetEdge       0
AvgInDegree         0
AvgOutDegree        0
MaxInDegree         2
MaxOutDegree        7
AvgIndInDeg         1
AvgIndOutDeg        1
MaxIndInDeg         2
MaxIndOutDeg        4
MSSAPhi             1
Load                7
Store               27
#######################################################
