
*********CallGraph Stats***************
################ (program : factorial_rs.bc)###############
-------------------------------------------------------
TotalNode           11
TotalEdge           8
TotalCycle          0
MaxNodeInCycle      0
NodeInCycle         0
CalRetPairInCycle   0
#######################################################

*********General Stats***************
################ (program : factorial_rs.bc)###############
BBWith2Succ         0
BBWith3Succ         0
TotalPointers       99
TotalObjects        17
TotalFieldObjects   4
MaxStructSize       5
TotalSVFStmts       62
TotalPTASVFStmts    53
FIObjNum            0
FSObjNum            16
AddrsNum            29
LoadsNum            2
StoresNum           6
CopysNum            15
GepsNum             4
CallsNum            2
ReturnsNum          0
FunctionObjs        11
GlobalObjs          2
HeapObjs            0
StackObjs           2
VarStructObj        1
VarArrayObj         1
ConstStructObj      1
ConstArrayObj       0
NonPtrObj           12
ConstantObj         0
IndCallSites        2
TotalCallSite       10
-------------------------------------------------------
LLVMIRTime          0.003
SymbolTableTime     0
SVFIRTime           0
#######################################################

*********Constraint Graph Stats***************
################ (program : factorial_rs.bc)###############
-------------------------------------------------------
AvgIn/OutCopyEdge   0.357143
AvgIn/OutLoadEdge   0.0285714
AvgIn/OutAddrEdge   0.371429
AvgIn/OutEdge       0.842857
NumOfCGNode         136
TotalValidNode      70
TotalValidObjNode   20
NumOfCGEdge         33
NumOfAddrs          26
NumOfCopys          21
NumOfGeps           4
NumOfLoads          2
NumOfStores         6
MaxInCopyEdge       2
MaxOutCopyEdge      5
MaxInLoadEdge       1
MaxOutLoadEdge      1
MaxInStoreEdge      1
MaxOutStoreEdge     2
AvgIn/OutStoreEdge  0
MaxInAddrEdge       1
MaxOutAddrEdge      11
LocalVarInRecur     0
#######################################################

*********Andersen Pointer Analysis Stats***************
################ (program : factorial_rs.bc)###############
-------------------------------------------------------
TotalTime           0
SCCDetectTime       0
SCCMergeTime        0
LoadStoreTime       0
CopyGepTime         0
UpdateCGTime        0
AvgPtsSetSize       0.330882
AvgTopLvlPtsSize    0.816327
CollapseTime        0
Pointers            98
TotalPointers       99
TotalObjects        21
IndCallSites        2
AddrProcessed       26
CopyProcessed       15
GepProcessed        4
LoadProcessed       0
StoreProcessed      6
NumOfSFRs           0
NumOfFieldExpand    0
MemObjects          17
DummyFieldPtrs      1
FieldObjs           4
MaxPtsSetSize       1
SolveIterations     2
IndEdgeSolved       0
NumOfSCCDetect      2
TotalCycleNum       0
TotalPWCCycleNum    0
NodesInCycles       0
MaxNodesInSCC       0
NullPointer         2
PointsToConstPtr    0
PointsToBlkPtr      0
#######################################################

****Persistent Points-To Cache Statistics: Andersen's analysis bitvector****
################ (program : factorial_rs.bc)###############
UniquePointsToSets       21
TotalUnions              45
PropertyUnions           45
UniqueUnions             0
LookupUnions             0
PreemptiveUnions         0
TotalComplements         268
PropertyComplements      268
UniqueComplements        0
LookupComplements        0
PreemptiveComplements    0
TotalIntersections       6
PropertyIntersections    6
UniqueIntersections      0
LookupIntersections      0
PreemptiveIntersections  0
#######################################################

*********Memory SSA Statistics***************
################ (program : factorial_rs.bc)###############
-------------------------------------------------------
AverageRegSize      1
SSARenameTime       0
InsertPHITime       0
GenMUCHITime        0
GenRegionTime       0
TotalMSSATime       0
BBHasMSSAPhi        0
MSSAPhi             0
StoreHasChi         2
LoadHasMu           2
CSHasMu             0
CSHasChi            0
FunHasRetMu         7
FunHasEntryChi      2
StoreChiNode        2
LoadMuNode          0
CSMuNode            0
CSChiNode           0
FunRetMu            2
FunEntryChi         2
MemRegions          2
MaxRegSize          1
#######################################################

****SVFG Statistics****

************************
################ (program : factorial_rs.bc)###############
-------------------------------------------------------
TotalTime           0
ConnDirEdgeTime     0
ConnIndEdgeTime     0
TLNodeTime          0
ATNodeTime          0
OptTime             0
AvgWeight           1
TotalNode           76
FormalIn            2
FormalOut           2
FormalParam         7
FormalRet           0
ActualIn            0
ActualOut           0
ActualParam         13
ActualRet           0
Addr                26
Copy                13
Gep                 4
PHI                 0
TotalEdge           40
DirectEdge          38
IndirectEdge        2
IndirectEdgeLabels  2
IndCallEdge         0
IndRetEdge          0
DirectCallEdge      2
DirectRetEdge       0
AvgInDegree         0
AvgOutDegree        0
MaxInDegree         2
MaxOutDegree        5
AvgIndInDeg         1
AvgIndOutDeg        1
MaxIndInDeg         1
MaxIndOutDeg        1
MSSAPhi             0
Load                2
Store               6
#######################################################

****SVFG Statistics****

************************
################ (program : factorial_rs.bc)###############
-------------------------------------------------------
TotalTime           0
ConnDirEdgeTime     0
ConnIndEdgeTime     0
TLNodeTime          0
ATNodeTime          0
OptTime             0
AvgWeight           1
TotalNode           76
FormalIn            2
FormalOut           2
FormalParam         7
FormalRet           0
ActualIn            0
ActualOut           0
ActualParam         13
ActualRet           0
Addr                26
Copy                13
Gep                 4
PHI                 0
TotalEdge           40
DirectEdge          38
IndirectEdge        2
IndirectEdgeLabels  2
IndCallEdge         0
IndRetEdge          0
DirectCallEdge      2
DirectRetEdge       0
AvgInDegree         0
AvgOutDegree        0
MaxInDegree         2
MaxOutDegree        5
AvgIndInDeg         1
AvgIndOutDeg        1
MaxIndInDeg         1
MaxIndOutDeg        1
MSSAPhi             0
Load                2
Store               6
#######################################################
