
*********CallGraph Stats***************
################ (program : gcd_c.bc)###############
-------------------------------------------------------
TotalNode           2
TotalCycle          1
MaxNodeInCycle      1
NodeInCycle         1
TotalEdge           2
CalRetPairInCycle   1
#######################################################

*********General Stats***************
################ (program : gcd_c.bc)###############
BBWith2Succ         1
BBWith3Succ         0
TotalPointers       62
TotalObjects        11
TotalFieldObjects   0
MaxStructSize       5
TotalSVFStmts       52
TotalPTASVFStmts    21
FIObjNum            0
FSObjNum            10
AddrsNum            24
LoadsNum            8
StoresNum           7
CopysNum            1
GepsNum             0
CallsNum            4
ReturnsNum          2
FunctionObjs        2
GlobalObjs          1
HeapObjs            0
StackObjs           6
VarStructObj        1
VarArrayObj         1
ConstStructObj      0
ConstArrayObj       0
NonPtrObj           9
ConstantObj         0
IndCallSites        0
TotalCallSite       2
-------------------------------------------------------
LLVMIRTime          0.003
SymbolTableTime     0
SVFIRTime           0
#######################################################

*********Constraint Graph Stats***************
################ (program : gcd_c.bc)###############
-------------------------------------------------------
AvgIn/OutCopyEdge   0.03125
AvgIn/OutLoadEdge   0
AvgIn/OutAddrEdge   0.625
AvgIn/OutEdge       0.65625
LocalVarInRecur     3
NumOfCGNode         77
TotalValidNode      32
TotalValidObjNode   10
NumOfCGEdge         1
NumOfAddrs          20
NumOfCopys          1
NumOfGeps           0
NumOfLoads          0
NumOfStores         0
MaxInCopyEdge       1
MaxOutCopyEdge      1
MaxInLoadEdge       0
MaxOutLoadEdge      0
MaxInStoreEdge      0
MaxOutStoreEdge     0
AvgIn/OutStoreEdge  0
MaxInAddrEdge       1
MaxOutAddrEdge      11
#######################################################

*********Andersen Pointer Analysis Stats***************
################ (program : gcd_c.bc)###############
-------------------------------------------------------
TotalTime           0
SCCDetectTime       0
SCCMergeTime        0
LoadStoreTime       0
CopyGepTime         0
UpdateCGTime        0
AvgPtsSetSize       0.25974
AvgTopLvlPtsSize    0.952381
CollapseTime        0
Pointers            62
TotalPointers       62
TotalObjects        11
IndCallSites        0
AddrProcessed       20
CopyProcessed       0
GepProcessed        0
LoadProcessed       0
StoreProcessed      0
NumOfSFRs           0
NumOfFieldExpand    0
MemObjects          11
DummyFieldPtrs      0
FieldObjs           0
MaxPtsSetSize       1
SolveIterations     1
IndEdgeSolved       0
NumOfSCCDetect      1
TotalCycleNum       0
TotalPWCCycleNum    0
NodesInCycles       0
MaxNodesInSCC       0
NullPointer         0
PointsToConstPtr    0
PointsToBlkPtr      0
#######################################################

****Persistent Points-To Cache Statistics: Andersen's analysis bitvector****
################ (program : gcd_c.bc)###############
UniquePointsToSets       11
TotalUnions              20
PropertyUnions           20
UniqueUnions             0
LookupUnions             0
PreemptiveUnions         0
TotalComplements         77
PropertyComplements      77
UniqueComplements        0
LookupComplements        0
PreemptiveComplements    0
TotalIntersections       0
PropertyIntersections    0
UniqueIntersections      0
LookupIntersections      0
PreemptiveIntersections  0
#######################################################

*********Memory SSA Statistics***************
################ (program : gcd_c.bc)###############
-------------------------------------------------------
AverageRegSize      1
SSARenameTime       0
InsertPHITime       0
GenMUCHITime        0
GenRegionTime       0
TotalMSSATime       0
BBHasMSSAPhi        1
MSSAPhi             1
StoreHasChi         7
LoadHasMu           8
CSHasMu             0
CSHasChi            0
FunHasRetMu         2
FunHasEntryChi      2
StoreChiNode        7
LoadMuNode          8
CSMuNode            0
CSChiNode           0
FunRetMu            6
FunEntryChi         6
MemRegions          6
MaxRegSize          1
#######################################################

****SVFG Statistics****

************************
################ (program : gcd_c.bc)###############
-------------------------------------------------------
TotalTime           0
ConnDirEdgeTime     0
ConnIndEdgeTime     0
TLNodeTime          0
ATNodeTime          0
OptTime             0
AvgWeight           1
TotalNode           69
TotalEdge           62
FormalIn            6
FormalOut           6
FormalParam         2
FormalRet           1
ActualIn            0
ActualOut           0
ActualParam         4
ActualRet           2
Addr                24
Copy                1
Gep                 0
PHI                 1
DirectEdge          39
IndirectEdge        23
IndirectEdgeLabels  23
IndCallEdge         0
IndRetEdge          0
DirectCallEdge      4
DirectRetEdge       2
AvgInDegree         0
AvgOutDegree        0
MaxInDegree         3
MaxOutDegree        4
AvgIndInDeg         1
AvgIndOutDeg        1
MaxIndInDeg         2
MaxIndOutDeg        4
MSSAPhi             1
Load                8
Store               7
#######################################################
