
*********CallGraph Stats***************
################ (program : quick_sort_rs.bc)###############
-------------------------------------------------------
TotalNode           13
TotalEdge           16
TotalCycle          1
MaxNodeInCycle      1
NodeInCycle         1
CalRetPairInCycle   1
#######################################################

*********General Stats***************
################ (program : quick_sort_rs.bc)###############
BBWith2Succ         11
BBWith3Succ         0
TotalPointers       211
TotalObjects        24
TotalFieldObjects   9
MaxStructSize       5
TotalSVFStmts       167
TotalPTASVFStmts    89
FIObjNum            0
FSObjNum            23
AddrsNum            48
LoadsNum            5
StoresNum           17
CopysNum            23
GepsNum             18
CallsNum            8
ReturnsNum          0
FunctionObjs        13
GlobalObjs          6
HeapObjs            0
StackObjs           3
VarStructObj        1
VarArrayObj         2
ConstStructObj      5
ConstArrayObj       0
NonPtrObj           15
ConstantObj         0
IndCallSites        2
TotalCallSite       18
-------------------------------------------------------
LLVMIRTime          0.003
SymbolTableTime     0
SVFIRTime           0.001
#######################################################

*********Constraint Graph Stats***************
################ (program : quick_sort_rs.bc)###############
-------------------------------------------------------
AvgIn/OutCopyEdge   0.464286
AvgIn/OutLoadEdge   0.0178571
AvgIn/OutAddrEdge   0.303571
AvgIn/OutEdge       0.875
NumOfCGNode         262
TotalValidNode      112
TotalValidObjNode   31
NumOfCGEdge         64
NumOfAddrs          34
NumOfCopys          34
NumOfGeps           18
NumOfLoads          2
NumOfStores         10
MaxInCopyEdge       2
MaxOutCopyEdge      6
MaxInLoadEdge       1
MaxOutLoadEdge      1
MaxInStoreEdge      1
MaxOutStoreEdge     4
AvgIn/OutStoreEdge  0
MaxInAddrEdge       1
MaxOutAddrEdge      12
LocalVarInRecur     0
#######################################################

*********Andersen Pointer Analysis Stats***************
################ (program : quick_sort_rs.bc)###############
-------------------------------------------------------
TotalTime           0
SCCDetectTime       0
SCCMergeTime        0
LoadStoreTime       0
CopyGepTime         0
UpdateCGTime        0
AvgPtsSetSize       0.305344
AvgTopLvlPtsSize    0.8875
CollapseTime        0
Pointers            206
TotalPointers       211
TotalObjects        33
IndCallSites        2
AddrProcessed       34
CopyProcessed       28
GepProcessed        18
LoadProcessed       0
StoreProcessed      10
NumOfSFRs           0
NumOfFieldExpand    0
MemObjects          24
DummyFieldPtrs      5
FieldObjs           9
MaxPtsSetSize       1
SolveIterations     2
IndEdgeSolved       0
NumOfSCCDetect      2
TotalCycleNum       0
TotalPWCCycleNum    0
NodesInCycles       0
MaxNodesInSCC       0
NullPointer         2
PointsToConstPtr    0
PointsToBlkPtr      0
#######################################################

****Persistent Points-To Cache Statistics: Andersen's analysis bitvector****
################ (program : quick_sort_rs.bc)###############
UniquePointsToSets       33
TotalUnions              80
PropertyUnions           80
UniqueUnions             0
LookupUnions             0
PreemptiveUnions         0
TotalComplements         515
PropertyComplements      515
UniqueComplements        0
LookupComplements        0
PreemptiveComplements    0
TotalIntersections       10
PropertyIntersections    10
UniqueIntersections      0
LookupIntersections      0
PreemptiveIntersections  0
#######################################################

*********Memory SSA Statistics***************
################ (program : quick_sort_rs.bc)###############
-------------------------------------------------------
AverageRegSize      1
SSARenameTime       0.001
InsertPHITime       0
GenMUCHITime        0
GenRegionTime       0
TotalMSSATime       0.001
BBHasMSSAPhi        0
MSSAPhi             0
StoreHasChi         2
LoadHasMu           2
CSHasMu             0
CSHasChi            0
FunHasRetMu         8
FunHasEntryChi      2
StoreChiNode        2
LoadMuNode          0
CSMuNode            0
CSChiNode           0
FunRetMu            2
FunEntryChi         2
MemRegions          2
MaxRegSize          1
#######################################################

****SVFG Statistics****

************************
################ (program : quick_sort_rs.bc)###############
-------------------------------------------------------
TotalTime           0
ConnDirEdgeTime     0
ConnIndEdgeTime     0
TLNodeTime          0
ATNodeTime          0
OptTime             0
AvgWeight           1
TotalNode           119
FormalIn            2
FormalOut           2
FormalParam         8
FormalRet           0
ActualIn            0
ActualOut           0
ActualParam         21
ActualRet           0
Addr                34
Copy                21
Gep                 18
PHI                 0
TotalEdge           76
DirectEdge          74
IndirectEdge        2
IndirectEdgeLabels  2
IndCallEdge         0
IndRetEdge          0
DirectCallEdge      4
DirectRetEdge       0
AvgInDegree         0
AvgOutDegree        0
MaxInDegree         2
MaxOutDegree        7
AvgIndInDeg         1
AvgIndOutDeg        1
MaxIndInDeg         1
MaxIndOutDeg        1
MSSAPhi             0
Load                2
Store               10
#######################################################

****SVFG Statistics****

************************
################ (program : quick_sort_rs.bc)###############
-------------------------------------------------------
TotalTime           0
ConnDirEdgeTime     0
ConnIndEdgeTime     0
TLNodeTime          0
ATNodeTime          0
OptTime             0
AvgWeight           1
TotalNode           119
FormalIn            2
FormalOut           2
FormalParam         8
FormalRet           0
ActualIn            0
ActualOut           0
ActualParam         21
ActualRet           0
Addr                34
Copy                21
Gep                 18
PHI                 0
TotalEdge           76
DirectEdge          74
IndirectEdge        2
IndirectEdgeLabels  2
IndCallEdge         0
IndRetEdge          0
DirectCallEdge      4
DirectRetEdge       0
AvgInDegree         0
AvgOutDegree        0
MaxInDegree         2
MaxOutDegree        7
AvgIndInDeg         1
AvgIndOutDeg        1
MaxIndInDeg         1
MaxIndOutDeg        1
MSSAPhi             0
Load                2
Store               10
#######################################################
