
*********CallGraph Stats***************
################ (program : string_reverse_c.bc)###############
-------------------------------------------------------
TotalNode           6
TotalCycle          0
MaxNodeInCycle      0
NodeInCycle         0
TotalEdge           4
CalRetPairInCycle   0
#######################################################

*********General Stats***************
################ (program : string_reverse_c.bc)###############
BBWith2Succ         5
BBWith3Succ         0
TotalPointers       146
TotalObjects        14
TotalFieldObjects   6
MaxStructSize       5
TotalSVFStmts       130
TotalPTASVFStmts    58
FIObjNum            0
FSObjNum            13
AddrsNum            39
LoadsNum            8
StoresNum           19
CopysNum            3
GepsNum             23
CallsNum            0
ReturnsNum          0
FunctionObjs        6
GlobalObjs          1
HeapObjs            0
StackObjs           5
VarStructObj        1
VarArrayObj         1
ConstStructObj      0
ConstArrayObj       1
NonPtrObj           10
ConstantObj         0
IndCallSites        0
TotalCallSite       4
-------------------------------------------------------
LLVMIRTime          0.003
SymbolTableTime     0
SVFIRTime           0
#######################################################

*********Constraint Graph Stats***************
################ (program : string_reverse_c.bc)###############
-------------------------------------------------------
AvgIn/OutCopyEdge   0.457143
AvgIn/OutLoadEdge   0.0142857
AvgIn/OutAddrEdge   0.342857
AvgIn/OutEdge       0.928571
LocalVarInRecur     0
NumOfCGNode         180
TotalValidNode      70
TotalValidObjNode   17
NumOfCGEdge         41
NumOfAddrs          24
NumOfCopys          9
NumOfGeps           23
NumOfLoads          1
NumOfStores         8
MaxInCopyEdge       2
MaxOutCopyEdge      13
MaxInLoadEdge       1
MaxOutLoadEdge      1
MaxInStoreEdge      2
MaxOutStoreEdge     1
AvgIn/OutStoreEdge  0
MaxInAddrEdge       1
MaxOutAddrEdge      12
#######################################################

*********Andersen Pointer Analysis Stats***************
################ (program : string_reverse_c.bc)###############
-------------------------------------------------------
TotalTime           0
SCCDetectTime       0
SCCMergeTime        0
LoadStoreTime       0
CopyGepTime         0
UpdateCGTime        0
AvgPtsSetSize       0.283333
AvgTopLvlPtsSize    0.941176
CollapseTime        0
Pointers            144
TotalPointers       146
TotalObjects        20
IndCallSites        0
AddrProcessed       24
CopyProcessed       5
GepProcessed        23
LoadProcessed       0
StoreProcessed      7
NumOfSFRs           0
NumOfFieldExpand    0
MemObjects          14
DummyFieldPtrs      2
FieldObjs           6
MaxPtsSetSize       1
SolveIterations     2
IndEdgeSolved       0
NumOfSCCDetect      2
TotalCycleNum       0
TotalPWCCycleNum    0
NodesInCycles       0
MaxNodesInSCC       0
NullPointer         0
PointsToConstPtr    1
PointsToBlkPtr      0
#######################################################

****Persistent Points-To Cache Statistics: Andersen's analysis bitvector****
################ (program : string_reverse_c.bc)###############
UniquePointsToSets       20
TotalUnions              52
PropertyUnions           52
UniqueUnions             0
LookupUnions             0
PreemptiveUnions         0
TotalComplements         354
PropertyComplements      354
UniqueComplements        0
LookupComplements        0
PreemptiveComplements    0
TotalIntersections       7
PropertyIntersections    7
UniqueIntersections      0
LookupIntersections      0
PreemptiveIntersections  0
#######################################################

*********Memory SSA Statistics***************
################ (program : string_reverse_c.bc)###############
-------------------------------------------------------
AverageRegSize      1
SSARenameTime       0
InsertPHITime       0
GenMUCHITime        0
GenRegionTime       0
TotalMSSATime       0
BBHasMSSAPhi        3
MSSAPhi             3
StoreHasChi         9
LoadHasMu           8
CSHasMu             0
CSHasChi            0
FunHasRetMu         1
FunHasEntryChi      1
StoreChiNode        9
LoadMuNode          8
CSMuNode            0
CSChiNode           0
FunRetMu            2
FunEntryChi         2
MemRegions          6
MaxRegSize          1
#######################################################

****SVFG Statistics****

************************
################ (program : string_reverse_c.bc)###############
-------------------------------------------------------
TotalTime           0
ConnDirEdgeTime     0
ConnIndEdgeTime     0
TLNodeTime          0
ATNodeTime          0
OptTime             0
AvgWeight           1
TotalNode           152
TotalEdge           155
FormalIn            2
FormalOut           2
FormalParam         4
FormalRet           0
ActualIn            0
ActualOut           0
ActualParam         9
ActualRet           1
Addr                39
Copy                3
Gep                 23
PHI                 3
DirectEdge          128
IndirectEdge        27
IndirectEdgeLabels  27
IndCallEdge         0
IndRetEdge          0
DirectCallEdge      0
DirectRetEdge       0
AvgInDegree         1
AvgOutDegree        1
MaxInDegree         4
MaxOutDegree        13
AvgIndInDeg         1
AvgIndOutDeg        1
MaxIndInDeg         4
MaxIndOutDeg        4
MSSAPhi             3
Load                8
Store               19
#######################################################
