
*********CallGraph Stats***************
################ (program : string_reverse_rs.bc)###############
-------------------------------------------------------
TotalNode           114
TotalCycle          0
MaxNodeInCycle      0
NodeInCycle         0
TotalEdge           164
CalRetPairInCycle   0
#######################################################

*********General Stats***************
################ (program : string_reverse_rs.bc)###############
BBWith2Succ         69
BBWith3Succ         12
TotalPointers       1990
TotalObjects        217
TotalFieldObjects   120
MaxStructSize       5
TotalSVFStmts       1757
TotalPTASVFStmts    892
FIObjNum            6
FSObjNum            210
AddrsNum            247
LoadsNum            150
StoresNum           190
CopysNum            333
GepsNum             221
CallsNum            192
ReturnsNum          93
FunctionObjs        114
GlobalObjs          12
HeapObjs            0
StackObjs           89
VarStructObj        57
VarArrayObj         0
ConstStructObj      11
ConstArrayObj       1
NonPtrObj           169
ConstantObj         0
IndCallSites        2
TotalCallSite       166
-------------------------------------------------------
LLVMIRTime          0.006
SymbolTableTime     0
SVFIRTime           0.005
#######################################################

*********Constraint Graph Stats***************
################ (program : string_reverse_rs.bc)###############
-------------------------------------------------------
AvgIn/OutCopyEdge   0.580933
AvgIn/OutLoadEdge   0.0476663
AvgIn/OutAddrEdge   0.223436
AvgIn/OutEdge       0.922542
LocalVarInRecur     0
NumOfCGNode         2430
TotalValidNode      1007
TotalValidObjNode   248
NumOfCGEdge         704
NumOfAddrs          225
NumOfCopys          364
NumOfGeps           221
NumOfLoads          48
NumOfStores         71
MaxInCopyEdge       8
MaxOutCopyEdge      37
MaxInLoadEdge       8
MaxOutLoadEdge      1
MaxInStoreEdge      2
MaxOutStoreEdge     8
AvgIn/OutStoreEdge  0
MaxInAddrEdge       1
MaxOutAddrEdge      18
#######################################################

*********Andersen Pointer Analysis Stats***************
################ (program : string_reverse_rs.bc)###############
-------------------------------------------------------
TotalTime           0.003
SCCDetectTime       0
SCCMergeTime        0
LoadStoreTime       0
CopyGepTime         0
UpdateCGTime        0
AvgPtsSetSize       0.269681
AvgTopLvlPtsSize    0.8257
CollapseTime        0
Pointers            1972
TotalPointers       1990
TotalObjects        337
IndCallSites        2
AddrProcessed       233
CopyProcessed       201
GepProcessed        215
LoadProcessed       40
StoreProcessed      61
NumOfSFRs           0
NumOfFieldExpand    0
MemObjects          217
DummyFieldPtrs      18
FieldObjs           120
MaxPtsSetSize       6
SolveIterations     2
IndEdgeSolved       0
NumOfSCCDetect      2
TotalCycleNum       1
TotalPWCCycleNum    0
NodesInCycles       48
MaxNodesInSCC       48
NullPointer         7
PointsToConstPtr    0
PointsToBlkPtr      0
#######################################################

****Persistent Points-To Cache Statistics: Andersen's analysis bitvector****
################ (program : string_reverse_rs.bc)###############
UniquePointsToSets       349
TotalUnions              714
PropertyUnions           686
UniqueUnions             9
LookupUnions             1
PreemptiveUnions         18
TotalComplements         4787
PropertyComplements      4787
UniqueComplements        0
LookupComplements        0
PreemptiveComplements    0
TotalIntersections       148
PropertyIntersections    148
UniqueIntersections      0
LookupIntersections      0
PreemptiveIntersections  0
#######################################################

*********Memory SSA Statistics***************
################ (program : string_reverse_rs.bc)###############
-------------------------------------------------------
AverageRegSize      1.1129
SSARenameTime       0
InsertPHITime       0
GenMUCHITime        0
GenRegionTime       0.002
TotalMSSATime       0.002
BBHasMSSAPhi        26
MSSAPhi             93
StoreHasChi         166
LoadHasMu           150
CSHasMu             46
CSHasChi            16
FunHasRetMu         97
FunHasEntryChi      66
StoreChiNode        163
LoadMuNode          146
CSMuNode            80
CSChiNode           28
FunRetMu            234
FunEntryChi         234
MemRegions          186
MaxRegSize          6
#######################################################

****SVFG Statistics****

************************
################ (program : string_reverse_rs.bc)###############
-------------------------------------------------------
TotalTime           0.001
ConnDirEdgeTime     0
ConnIndEdgeTime     0
TLNodeTime          0
ATNodeTime          0.001
OptTime             0
AvgWeight           1.10909
TotalNode           2762
TotalEdge           2918
FormalIn            234
FormalOut           234
FormalParam         160
FormalRet           67
ActualIn            80
ActualOut           28
ActualParam         283
ActualRet           110
Addr                247
Copy                333
Gep                 221
PHI                 76
DirectEdge          1983
IndirectEdge        935
IndirectEdgeLabels  1037
IndCallEdge         89
IndRetEdge          31
DirectCallEdge      192
DirectRetEdge       93
AvgInDegree         1
AvgOutDegree        1
MaxInDegree         6
MaxOutDegree        383
AvgIndInDeg         1
AvgIndOutDeg        1
MaxIndInDeg         6
MaxIndOutDeg        7
MSSAPhi             93
Load                150
Store               190
#######################################################
